  circle-centroid-detection-blobs.cpp
C:\Users\mariana\Documents\github-mariana\vision\centroid-detection\circle-centroid-detection-blobs\circle-centroid-detection-blobs\circle-centroid-detection-blobs.cpp(69,42): warning C4244: 'argument': conversion from '_Tp' to '_Tp', possible loss of data
          with
          [
              _Tp=float
          ]
          and
          [
              _Tp=int
          ]
C:\Users\mariana\Documents\github-mariana\vision\centroid-detection\circle-centroid-detection-blobs\circle-centroid-detection-blobs\circle-centroid-detection-blobs.cpp(69,34): warning C4244: 'argument': conversion from '_Tp' to '_Tp', possible loss of data
          with
          [
              _Tp=float
          ]
          and
          [
              _Tp=int
          ]
C:\Users\mariana\Documents\github-mariana\vision\centroid-detection\circle-centroid-detection-blobs\circle-centroid-detection-blobs\circle-centroid-detection-blobs.cpp(71,36): warning C4244: 'argument': conversion from 'double' to 'int', possible loss of data
C:\Users\mariana\Documents\github-mariana\vision\centroid-detection\circle-centroid-detection-blobs\circle-centroid-detection-blobs\circle-centroid-detection-blobs.cpp(74,39): warning C4244: 'argument': conversion from 'float' to 'int', possible loss of data
C:\Users\mariana\Documents\github-mariana\vision\centroid-detection\circle-centroid-detection-blobs\circle-centroid-detection-blobs\circle-centroid-detection-blobs.cpp(95,42): warning C4244: 'argument': conversion from '_Tp' to '_Tp', possible loss of data
          with
          [
              _Tp=float
          ]
          and
          [
              _Tp=int
          ]
C:\Users\mariana\Documents\github-mariana\vision\centroid-detection\circle-centroid-detection-blobs\circle-centroid-detection-blobs\circle-centroid-detection-blobs.cpp(95,34): warning C4244: 'argument': conversion from '_Tp' to '_Tp', possible loss of data
          with
          [
              _Tp=float
          ]
          and
          [
              _Tp=int
          ]
C:\Users\mariana\Documents\github-mariana\vision\centroid-detection\circle-centroid-detection-blobs\circle-centroid-detection-blobs\circle-centroid-detection-blobs.cpp(96,36): warning C4244: 'argument': conversion from 'double' to 'int', possible loss of data
  circle-centroid-detection-blobs.vcxproj -> C:\Users\mariana\Documents\github-mariana\vision\centroid-detection\circle-centroid-detection-blobs\x64\Debug\circle-centroid-detection-blobs.exe
