  centroid-detection-ellipse.cpp
C:\Users\mariana\Documents\github-mariana\vision\centroid-detection\centroid-detection-ellipse\centroid-detection-ellipse\centroid-detection-ellipse.cpp(74,59): warning C4244: 'argument': conversion from '_Tp' to '_Tp', possible loss of data
          with
          [
              _Tp=float
          ]
          and
          [
              _Tp=int
          ]
C:\Users\mariana\Documents\github-mariana\vision\centroid-detection\centroid-detection-ellipse\centroid-detection-ellipse\centroid-detection-ellipse.cpp(74,45): warning C4244: 'argument': conversion from '_Tp' to '_Tp', possible loss of data
          with
          [
              _Tp=float
          ]
          and
          [
              _Tp=int
          ]
C:\Users\mariana\Documents\github-mariana\vision\centroid-detection\centroid-detection-ellipse\centroid-detection-ellipse\centroid-detection-ellipse.cpp(75,65): warning C4244: 'argument': conversion from '_Tp' to '_Tp', possible loss of data
          with
          [
              _Tp=float
          ]
          and
          [
              _Tp=int
          ]
C:\Users\mariana\Documents\github-mariana\vision\centroid-detection\centroid-detection-ellipse\centroid-detection-ellipse\centroid-detection-ellipse.cpp(75,51): warning C4244: 'argument': conversion from '_Tp' to '_Tp', possible loss of data
          with
          [
              _Tp=float
          ]
          and
          [
              _Tp=int
          ]
C:\Users\mariana\Documents\github-mariana\vision\centroid-detection\centroid-detection-ellipse\centroid-detection-ellipse\centroid-detection-ellipse.cpp(85,59): warning C4244: 'argument': conversion from '_Tp' to '_Tp', possible loss of data
          with
          [
              _Tp=float
          ]
          and
          [
              _Tp=int
          ]
C:\Users\mariana\Documents\github-mariana\vision\centroid-detection\centroid-detection-ellipse\centroid-detection-ellipse\centroid-detection-ellipse.cpp(85,45): warning C4244: 'argument': conversion from '_Tp' to '_Tp', possible loss of data
          with
          [
              _Tp=float
          ]
          and
          [
              _Tp=int
          ]
C:\Users\mariana\Documents\github-mariana\vision\centroid-detection\centroid-detection-ellipse\centroid-detection-ellipse\centroid-detection-ellipse.cpp(86,65): warning C4244: 'argument': conversion from '_Tp' to '_Tp', possible loss of data
          with
          [
              _Tp=float
          ]
          and
          [
              _Tp=int
          ]
C:\Users\mariana\Documents\github-mariana\vision\centroid-detection\centroid-detection-ellipse\centroid-detection-ellipse\centroid-detection-ellipse.cpp(86,51): warning C4244: 'argument': conversion from '_Tp' to '_Tp', possible loss of data
          with
          [
              _Tp=float
          ]
          and
          [
              _Tp=int
          ]
  centroid-detection-ellipse.vcxproj -> C:\Users\mariana\Documents\github-mariana\vision\centroid-detection\centroid-detection-ellipse\x64\Debug\centroid-detection-ellipse.exe
