  circle-centroid-detection-regions.cpp
C:\Users\mariana\Documents\github-mariana\vision\centroid-detection\circle-centroid-detection-regions\circle-centroid-detection-regions\circle-centroid-detection-regions.cpp(67,42): warning C4244: 'argument': conversion from '_Tp' to '_Tp', possible loss of data
          with
          [
              _Tp=float
          ]
          and
          [
              _Tp=int
          ]
C:\Users\mariana\Documents\github-mariana\vision\centroid-detection\circle-centroid-detection-regions\circle-centroid-detection-regions\circle-centroid-detection-regions.cpp(67,34): warning C4244: 'argument': conversion from '_Tp' to '_Tp', possible loss of data
          with
          [
              _Tp=float
          ]
          and
          [
              _Tp=int
          ]
C:\Users\mariana\Documents\github-mariana\vision\centroid-detection\circle-centroid-detection-regions\circle-centroid-detection-regions\circle-centroid-detection-regions.cpp(69,36): warning C4244: 'argument': conversion from 'double' to 'int', possible loss of data
C:\Users\mariana\Documents\github-mariana\vision\centroid-detection\circle-centroid-detection-regions\circle-centroid-detection-regions\circle-centroid-detection-regions.cpp(72,39): warning C4244: 'argument': conversion from 'float' to 'int', possible loss of data
C:\Users\mariana\Documents\github-mariana\vision\centroid-detection\circle-centroid-detection-regions\circle-centroid-detection-regions\circle-centroid-detection-regions.cpp(93,42): warning C4244: 'argument': conversion from '_Tp' to '_Tp', possible loss of data
          with
          [
              _Tp=float
          ]
          and
          [
              _Tp=int
          ]
C:\Users\mariana\Documents\github-mariana\vision\centroid-detection\circle-centroid-detection-regions\circle-centroid-detection-regions\circle-centroid-detection-regions.cpp(93,34): warning C4244: 'argument': conversion from '_Tp' to '_Tp', possible loss of data
          with
          [
              _Tp=float
          ]
          and
          [
              _Tp=int
          ]
C:\Users\mariana\Documents\github-mariana\vision\centroid-detection\circle-centroid-detection-regions\circle-centroid-detection-regions\circle-centroid-detection-regions.cpp(94,36): warning C4244: 'argument': conversion from 'double' to 'int', possible loss of data
  circle-centroid-detection-regions.vcxproj -> C:\Users\mariana\Documents\github-mariana\vision\centroid-detection\circle-centroid-detection-regions\x64\Debug\circle-centroid-detection-regions.exe
